TN:
SF:modules\ngrx-router-store\index.ts
FN:1,(empty-report)
FNF:1
FNH:0
FNDA:0,(empty-report)
DA:1,0
LF:1
LH:0
BRDA:1,0,0,0
BRF:1
BRH:0
end_of_record
TN:
SF:modules\ngrx-router-store\public_api.ts
FN:1,(empty-report)
FNF:1
FNH:0
FNDA:0,(empty-report)
DA:1,0
LF:1
LH:0
BRDA:1,0,0,0
BRF:1
BRH:0
end_of_record
TN:
SF:modules\ngrx-router-store\src\index.ts
FN:1,(empty-report)
FNF:1
FNH:0
FNDA:0,(empty-report)
DA:1,0
DA:2,0
DA:3,0
DA:4,0
DA:5,0
DA:6,0
DA:7,0
LF:7
LH:0
BRDA:1,0,0,0
BRF:1
BRH:0
end_of_record
TN:
SF:modules\ngrx-router-store\src\ngrx-router.connector.ts
FN:29,NgrxRouterConnector
FN:33,ngOnDestroy
FN:37,#attachToRouterEvents
FNF:3
FNH:3
FNDA:2,NgrxRouterConnector
FNDA:2,ngOnDestroy
FNDA:2,#attachToRouterEvents
DA:1,1
DA:2,1
DA:3,1
DA:4,1
DA:5,1
DA:6,1
DA:7,1
DA:8,1
DA:9,1
DA:10,1
DA:11,1
DA:12,1
DA:13,1
DA:14,1
DA:15,1
DA:16,1
DA:17,1
DA:18,1
DA:19,1
DA:20,1
DA:21,1
DA:22,1
DA:23,1
DA:24,1
DA:25,1
DA:26,1
DA:27,1
DA:28,1
DA:29,1
DA:30,2
DA:31,2
DA:32,1
DA:33,1
DA:34,2
DA:35,2
DA:36,1
DA:37,1
DA:38,2
DA:39,2
DA:40,0
DA:41,0
DA:42,2
DA:43,0
DA:44,0
DA:45,0
DA:46,0
DA:47,2
DA:48,1
DA:49,1
DA:50,1
DA:51,0
DA:52,0
DA:53,0
DA:54,0
DA:55,1
DA:56,1
DA:57,1
DA:58,1
DA:59,1
DA:60,1
DA:61,1
DA:62,1
DA:63,1
DA:64,1
DA:65,2
DA:66,2
DA:67,1
LF:67
LH:57
BRDA:29,0,0,2
BRDA:33,1,0,2
BRDA:37,2,0,2
BRDA:38,3,0,2
BRDA:39,4,0,0
BRDA:42,5,0,0
BRDA:47,6,0,1
BRDA:47,7,0,1
BRDA:50,8,0,0
BRF:9
BRH:6
end_of_record
TN:
SF:modules\ngrx-router-store\src\ngrx-router.operators.ts
FN:9,ofRoute
FN:33,onLeaveRoute
FN:44,compareRoutes
FNF:3
FNH:3
FNDA:1,ofRoute
FNDA:1,onLeaveRoute
FNDA:5,compareRoutes
DA:1,1
DA:2,1
DA:3,1
DA:4,1
DA:5,1
DA:6,1
DA:7,1
DA:8,1
DA:9,1
DA:10,1
DA:11,1
DA:12,1
DA:13,1
DA:14,7
DA:15,5
DA:16,5
DA:17,5
DA:18,5
DA:19,5
DA:20,0
DA:21,5
DA:22,0
DA:23,0
DA:24,5
DA:25,5
DA:26,5
DA:27,2
DA:28,2
DA:29,1
DA:30,1
DA:31,1
DA:32,1
DA:33,1
DA:34,1
DA:35,5
DA:36,3
DA:37,3
DA:38,3
DA:39,2
DA:40,2
DA:41,1
DA:42,1
DA:43,1
DA:44,5
DA:45,5
DA:46,5
DA:47,5
DA:48,0
DA:49,0
DA:50,0
DA:51,0
DA:52,0
DA:53,0
DA:54,0
LF:54
LH:44
BRDA:9,0,0,1
BRDA:13,1,0,7
BRDA:14,2,0,5
BRDA:17,3,0,0
BRDA:18,4,0,0
BRDA:19,5,0,0
BRDA:21,6,0,0
BRDA:27,7,0,2
BRDA:33,8,0,1
BRDA:34,9,0,5
BRDA:35,10,0,3
BRDA:39,11,0,2
BRDA:44,12,0,5
BRDA:47,13,0,0
BRDA:46,14,0,7
BRF:15
BRH:10
end_of_record
TN:
SF:modules\ngrx-router-store\src\state\ngrx-router.actions.ts
FNF:0
FNH:0
DA:1,1
DA:2,1
DA:3,1
DA:4,1
DA:5,1
DA:6,1
DA:7,1
DA:8,1
DA:9,1
DA:10,1
DA:11,1
DA:12,1
DA:13,1
DA:14,1
DA:15,1
DA:16,1
DA:17,1
DA:18,1
DA:19,1
DA:20,1
DA:21,1
DA:22,1
DA:23,1
DA:24,1
DA:25,1
DA:26,1
DA:27,1
LF:27
LH:27
BRF:0
BRH:0
end_of_record
TN:
SF:modules\ngrx-router-store\src\state\ngrx-router.effects.ts
FN:11,<instance_members_initializer>
FN:11,NgrxRouterEffects
FN:17,NgrxRouterEffects.navigateToUrl$.dispatch
FNF:3
FNH:3
FNDA:1,<instance_members_initializer>
FNDA:1,NgrxRouterEffects
FNDA:1,NgrxRouterEffects.navigateToUrl$.dispatch
DA:1,1
DA:2,1
DA:3,1
DA:4,1
DA:5,1
DA:6,1
DA:7,1
DA:8,1
DA:9,1
DA:10,1
DA:11,1
DA:12,1
DA:13,1
DA:14,1
DA:15,1
DA:16,1
DA:17,1
DA:18,1
DA:19,1
DA:20,1
DA:21,1
DA:22,1
DA:23,1
DA:24,1
DA:25,1
DA:26,1
DA:27,1
DA:28,1
DA:29,0
DA:30,1
DA:31,0
DA:32,0
DA:33,1
DA:34,1
DA:35,1
DA:36,1
DA:37,1
DA:38,1
DA:39,1
LF:39
LH:36
BRDA:11,0,0,1
BRDA:11,1,0,1
BRDA:17,2,0,1
BRDA:20,3,0,1
BRDA:25,4,0,1
BRDA:27,5,0,0
BRDA:28,6,0,0
BRDA:30,7,0,0
BRF:8
BRH:5
end_of_record
TN:
SF:modules\ngrx-router-store\src\state\ngrx-router.functions.ts
FN:3,getRoutePath
FN:11,getRouteParams
FN:17,getRoutePathFromRoot
FNF:3
FNH:2
FNDA:4,getRoutePath
FNDA:0,getRouteParams
FNDA:4,getRoutePathFromRoot
DA:1,1
DA:2,1
DA:3,4
DA:4,4
DA:5,4
DA:6,4
DA:7,4
DA:8,4
DA:9,4
DA:10,1
DA:11,0
DA:12,0
DA:13,0
DA:14,0
DA:15,0
DA:16,1
DA:17,4
DA:18,4
DA:19,4
DA:20,4
DA:21,4
DA:22,4
DA:23,4
DA:24,4
LF:24
LH:19
BRDA:3,0,0,4
BRDA:6,1,0,0
BRDA:8,2,0,2
BRDA:8,3,0,2
BRDA:17,4,0,4
BRDA:18,5,0,2
BRDA:21,6,0,0
BRDA:23,7,0,2
BRDA:23,8,0,2
BRF:9
BRH:7
end_of_record
TN:
SF:modules\ngrx-router-store\src\state\ngrx-router.reducer.ts
FNF:0
FNH:0
DA:1,1
DA:2,1
DA:3,1
DA:4,1
DA:5,1
DA:6,1
DA:7,1
DA:8,1
DA:9,1
DA:10,1
DA:11,1
DA:12,1
DA:13,1
DA:14,1
DA:15,1
DA:16,1
DA:17,1
DA:18,1
DA:19,1
DA:20,1
DA:21,1
DA:22,1
DA:23,1
DA:24,1
DA:25,1
DA:26,1
DA:27,1
DA:28,1
DA:29,1
DA:30,1
LF:30
LH:30
BRDA:28,0,0,1
BRF:1
BRH:1
end_of_record
TN:
SF:modules\ngrx-router-store\src\state\ngrx-router.selectors.ts
FNF:0
FNH:0
DA:1,1
DA:2,1
DA:3,1
DA:4,1
DA:5,1
DA:6,1
DA:7,1
DA:8,1
DA:9,1
DA:10,1
LF:10
LH:10
BRDA:6,0,0,1
BRDA:7,1,0,1
BRDA:8,2,0,1
BRF:3
BRH:3
end_of_record
TN:
SF:modules\ngrx-router-store\testing\index.ts
FN:1,(empty-report)
FNF:1
FNH:0
FNDA:0,(empty-report)
DA:1,0
DA:2,0
DA:3,0
DA:4,0
DA:5,0
DA:6,0
DA:7,0
DA:8,0
DA:9,0
DA:10,0
DA:11,0
LF:11
LH:0
BRDA:1,0,0,0
BRF:1
BRH:0
end_of_record
